C:\Users\Luis\PycharmProjects\tagme\venv\Scripts\python.exe C:/Users/Luis/PycharmProjects/tagme/document-tags.py
C:\Users\Luis\PycharmProjects\tagme
Process for clueweb09-en0000-00-00175 has started.

Process for clueweb09-en0000-00-01836 has started.

Process for clueweb09-en0000-00-04936 has started.

Process for clueweb09-en0000-00-05663 has started.

Process for clueweb09-en0000-00-06267 has started.

Process for clueweb09-en0000-00-08106 has started.

Process for clueweb09-en0000-00-09289 has started.

Process for clueweb09-en0000-00-10294 has started.

Process for clueweb09-en0000-00-13790 has started.

Process for clueweb09-en0000-00-14973 has started.

Process for clueweb09-en0000-00-15357 has started.

Process for clueweb09-en0000-00-15380 has started.

Process for clueweb09-en0000-00-15766 has started.

Process for clueweb09-en0000-00-16168 has started.

Process for clueweb09-en0000-00-16404 has started.

Process for clueweb09-en0000-00-18081 has started.

Process for clueweb09-en0000-00-19021 has started.

Process for clueweb09-en0000-00-19155 has started.

Process for clueweb09-en0000-00-19228 has started.

Process for clueweb09-en0000-00-19299 has started.

Process for clueweb09-en0000-00-19303 has started.

Process for clueweb09-en0000-00-19316 has started.

Process for clueweb09-en0000-00-19320 has started.

Process for clueweb09-en0000-00-19356 has started.

Process for clueweb09-en0000-00-19473 has started.

Process for clueweb09-en0000-00-20862 has started.

Process for clueweb09-en0000-00-20969 has started.

Process for clueweb09-en0000-00-21040 has started.

Process for clueweb09-en0000-00-21108 has started.

Process for clueweb09-en0000-00-21369 has started.

Process for clueweb09-en0000-00-22187 has started.

Process for clueweb09-en0000-00-24552 has started.

Process for clueweb09-en0000-00-25006 has started.

Process for clueweb09-en0000-00-26060 has started.

Process for clueweb09-en0000-00-26067 has started.

Process for clueweb09-en0000-00-26091 has started.

Process for clueweb09-en0000-00-26322 has started.

Process for clueweb09-en0000-00-26342 has started.

Process for clueweb09-en0000-00-27794 has started.

Process for clueweb09-en0000-00-29117 has started.

Process for clueweb09-en0000-00-06267 completed in 4.07500004768 seconds

Process for clueweb09-en0000-00-06386 has started.

Process for clueweb09-en0000-00-19316 completed in 4.17899990082 seconds

Process for clueweb09-en0000-00-19317 has started.

Process for clueweb09-en0000-00-19303 completed in 4.47900009155 seconds

Process for clueweb09-en0000-00-19306 has started.

Process for clueweb09-en0000-00-19228 completed in 4.84100008011 seconds

Process for clueweb09-en0000-00-19229 has started.

Process for clueweb09-en0000-00-19299 completed in 4.92599987984 seconds

Process for clueweb09-en0000-00-19300 has started.

Process for clueweb09-en0000-00-19320 completed in 5.06500005722 seconds

Process for clueweb09-en0000-00-19321 has started.

Process for clueweb09-en0000-00-19021 completed in 5.10500001907 seconds

Process for clueweb09-en0000-00-19033 has started.

Process for clueweb09-en0000-00-01836 completed in 5.33099985123 seconds

Process for clueweb09-en0000-00-03040 has started.

Process for clueweb09-en0000-00-10294 completed in 5.57899999619 seconds

Process for clueweb09-en0000-00-10303 has started.

Process for clueweb09-en0000-00-24552 completed in 5.90299987793 seconds

Process for clueweb09-en0000-00-24665 has started.

Process for clueweb09-en0000-00-22187 completed in 6.28900003433 seconds

Process for clueweb09-en0000-00-22267 has started.

Process for clueweb09-en0000-00-19317 completed in 2.1740000248 seconds

Process for clueweb09-en0000-00-19318 has started.

Process for clueweb09-en0000-00-20969 completed in 6.43200016022 seconds

Process for clueweb09-en0000-00-21018 has started.

Process for clueweb09-en0000-00-19356 completed in 6.6400001049 seconds

Process for clueweb09-en0000-00-19357 has started.

Process for clueweb09-en0000-00-19306 completed in 2.25600004196 seconds

Process for clueweb09-en0000-00-19309 has started.

Process for clueweb09-en0000-00-21369 completed in 7.14199995995 seconds

Process for clueweb09-en0000-00-21486 has started.

Process for clueweb09-en0000-00-16404 completed in 7.30799984932 seconds

Process for clueweb09-en0000-00-17366 has started.

Process for clueweb09-en0000-00-26342 completed in 7.32999992371 seconds

Process for clueweb09-en0000-00-26899 has started.

Process for clueweb09-en0000-00-06386 completed in 3.382999897 seconds

Process for clueweb09-en0000-00-07887 has started.

Process for clueweb09-en0000-00-21108 completed in 7.42900013924 seconds

Process for clueweb09-en0000-00-21110 has started.

Process for clueweb09-en0000-00-15766 completed in 7.50200009346 seconds

Process for clueweb09-en0000-00-15870 has started.

Process for clueweb09-en0000-00-19321 completed in 2.50800013542 seconds

Process for clueweb09-en0000-00-19353 has started.

Process for clueweb09-en0000-00-25006 completed in 7.66100001335 seconds

Process for clueweb09-en0000-00-25030 has started.

Process for clueweb09-en0000-00-19300 completed in 2.82800006866 seconds

Process for clueweb09-en0000-00-19301 has started.

Process for clueweb09-en0000-00-26322 completed in 7.72399997711 seconds

Process for clueweb09-en0000-00-26325 has started.

Process for clueweb09-en0000-00-27794 completed in 8.04200005531 seconds

Process for clueweb09-en0000-00-27798 has started.

Process for clueweb09-en0000-00-10303 completed in 2.67000007629 seconds

Process for clueweb09-en0000-00-10327 has started.

Process for clueweb09-en0000-00-19033 completed in 3.13100004196 seconds

Process for clueweb09-en0000-00-19035 has started.

Process for clueweb09-en0000-00-29117 completed in 8.18700003624 seconds

Process for clueweb09-en0000-00-29157 has started.

Process for clueweb09-en0000-00-21040 completed in 8.73000001907 seconds

Process for clueweb09-en0000-00-21045 has started.

Process for clueweb09-en0000-00-19318 completed in 2.4960000515 seconds

Process for clueweb09-en0000-00-19319 has started.

Process for clueweb09-en0000-00-17366 completed in 1.56500005722 seconds

Process for clueweb09-en0000-00-17733 has started.

Process for clueweb09-en0000-00-26091 completed in 8.91899991035 seconds

Process for clueweb09-en0000-00-26315 has started.

Process for clueweb09-en0000-00-21486 completed in 2.33599996567 seconds

Process for clueweb09-en0000-00-22162 has started.

Process for clueweb09-en0000-00-20862 completed in 9.70199990273 seconds

Process for clueweb09-en0000-00-20866 has started.

Process for clueweb09-en0000-00-19309 completed in 3.07099986076 seconds

Process for clueweb09-en0000-00-19314 has started.

Process for clueweb09-en0000-00-19357 completed in 3.27799987793 seconds

Process for clueweb09-en0000-00-19361 has started.

Process for clueweb09-en0000-00-19301 completed in 2.83200001717 seconds

Process for clueweb09-en0000-00-19302 has started.

Process for clueweb09-en0000-00-09289 completed in 10.6300001144 seconds

Process for clueweb09-en0000-00-09290 has started.

Process for clueweb09-en0000-00-15357 completed in 10.6630001068 seconds

Process for clueweb09-en0000-00-15361 has started.

Process for clueweb09-en0000-00-03040 completed in 5.4240000248 seconds

Process for clueweb09-en0000-00-03491 has started.

Process for clueweb09-en0000-00-16168 completed in 10.7759997845 seconds

Process for clueweb09-en0000-00-16240 has started.

Process for clueweb09-en0000-00-19353 completed in 3.28099989891 seconds

Process for clueweb09-en0000-00-19355 has started.

Process for clueweb09-en0000-00-10327 completed in 2.69199991226 seconds

Process for clueweb09-en0000-00-12900 has started.

Process for clueweb09-en0000-00-19229 completed in 6.27099990845 seconds

Process for clueweb09-en0000-00-19231 has started.

Process for clueweb09-en0000-00-22267 completed in 4.85500001907 seconds

Process for clueweb09-en0000-00-22459 has started.

Process for clueweb09-en0000-00-15380 completed in 11.7489998341 seconds

Process for clueweb09-en0000-00-15401 has started.

Process for clueweb09-en0000-00-19155 completed in 11.7430000305 seconds

Process for clueweb09-en0000-00-19164 has started.

Process for clueweb09-en0000-00-19319 completed in 2.91799998283 seconds

Process for clueweb09-en0000-00-33866 has started.

Process for clueweb09-en0000-00-26325 completed in 4.10299992561 seconds

Process for clueweb09-en0000-00-26329 has started.

Process for clueweb09-en0000-00-19035 completed in 3.81500005722 seconds

Process for clueweb09-en0000-00-19042 has started.

Process for clueweb09-en0000-00-21018 completed in 5.65999984741 seconds

Process for clueweb09-en0000-00-21033 has started.

Process for clueweb09-en0000-00-21110 completed in 5.08699989319 seconds

Process for clueweb09-en0000-00-21114 has started.

Process for clueweb09-en0000-00-19314 completed in 2.95700001717 seconds

Process for clueweb09-en0000-00-34894 has started.

Process for clueweb09-en0000-00-29157 completed in 4.97000002861 seconds

Process for clueweb09-en0000-00-29272 has started.

Process for clueweb09-en0000-00-19231 completed in 2.65499997139 seconds

Process for clueweb09-en0000-00-19296 has started.

Process for clueweb09-en0000-00-21045 completed in 5.13000011444 seconds

Process for clueweb09-en0000-00-21051 has started.

Process for clueweb09-en0000-00-04936 completed in 14.0329999924 seconds

Process for clueweb09-en0000-00-04980 has started.

Process for clueweb09-en0000-00-26067 completed in 14.117000103 seconds

Process for clueweb09-en0000-00-26070 has started.

Process for clueweb09-en0000-00-18081 completed in 14.361000061 seconds

Process for clueweb09-en0000-00-18086 has started.

Process for clueweb09-en0000-00-17733 completed in 5.58299994469 seconds

Process for clueweb09-en0000-00-17905 has started.

Process for clueweb09-en0000-00-19355 completed in 3.59000015259 seconds

Process for clueweb09-en0000-00-34928 has started.

Process for clueweb09-en0000-00-19302 completed in 3.92199993134 seconds

Process for clueweb09-en0000-01-01194 has started.

Process for clueweb09-en0000-00-16240 completed in 4.42000007629 seconds

Process for clueweb09-en0000-00-16249 has started.

Process for clueweb09-en0000-00-26060 completed in 15.1749999523 seconds

Process for clueweb09-en0000-00-13790 completed in 15.231000185 seconds

Process for clueweb09-en0000-00-26061 has started.
Process for clueweb09-en0000-00-13828 has started.


Process for clueweb09-en0000-00-15870 completed in 8.41100001335 seconds

Process for clueweb09-en0000-00-16083 has started.

Process for clueweb09-en0000-00-19042 completed in 4.15499997139 seconds

Process for clueweb09-en0000-01-01923 has started.

Process for clueweb09-en0000-00-12900 completed in 5.53699994087 seconds

Process for clueweb09-en0000-01-04196 has started.

Process for clueweb09-en0000-00-27798 completed in 8.57100009918 seconds

Process for clueweb09-en0000-00-27802 has started.

Process for clueweb09-en0000-00-18086 completed in 2.5 seconds

Process for clueweb09-en0000-00-18103 has started.

Process for clueweb09-en0000-00-26315 completed in 8.65199995041 seconds

Process for clueweb09-en0000-00-26320 has started.

Process for clueweb09-en0000-00-19164 completed in 6.00800013542 seconds

Process for clueweb09-en0000-00-19168 has started.

Process for clueweb09-en0000-00-26329 completed in 6.46200013161 seconds

Process for clueweb09-en0000-00-26331 has started.

Process for clueweb09-en0000-01-01194 completed in 3.92299985886 seconds

Process for clueweb09-en0000-01-01291 has started.

Process for clueweb09-en0000-00-19296 completed in 4.70000004768 seconds

Process for clueweb09-en0000-01-05039 has started.

Process for clueweb09-en0000-00-13828 completed in 3.46399998665 seconds

Process for clueweb09-en0000-00-13848 has started.

Process for clueweb09-en0000-00-19473 completed in 18.8250000477 seconds

Process for clueweb09-en0000-00-20622 has started.

Process for clueweb09-en0000-00-21114 completed in 6.36100006104 seconds

Process for clueweb09-en0000-00-21115 has started.

Process for clueweb09-en0000-00-16249 completed in 3.90100002289 seconds

Process for clueweb09-en0000-00-16403 has started.

Process for clueweb09-en0000-00-22162 completed in 9.68400001526 seconds

Process for clueweb09-en0000-00-22175 has started.

Process for clueweb09-en0000-00-24665 completed in 13.6470000744 seconds

Process for clueweb09-en0000-00-24823 has started.

Process for clueweb09-en0000-00-08106 completed in 19.9820001125 seconds

Process for clueweb09-en0000-00-08250 has started.

Process for clueweb09-en0000-00-03491 completed in 9.44199991226 seconds

Process for clueweb09-en0000-00-03550 has started.

Process for clueweb09-en0000-00-15361 completed in 9.52900004387 seconds

Process for clueweb09-en0000-00-15372 has started.

Process for clueweb09-en0000-00-21033 completed in 8.33200001717 seconds

Process for clueweb09-en0000-00-21034 has started.

Process for clueweb09-en0000-00-05663 completed in 20.5950000286 seconds

Process for clueweb09-en0000-00-05664 has started.

Process for clueweb09-en0000-00-26899 completed in 13.4010000229 seconds

Process for clueweb09-en0000-00-27507 has started.

Process for clueweb09-en0000-00-21051 completed in 6.98000001907 seconds

Process for clueweb09-en0000-00-21055 has started.

Process for clueweb09-en0000-00-20866 completed in 11.1920001507 seconds

Process for clueweb09-en0000-00-20883 has started.

Process for clueweb09-en0000-00-15401 completed in 9.41300010681 seconds

Process for clueweb09-en0000-00-15558 has started.

Process for clueweb09-en0000-00-17905 completed in 7.03399991989 seconds

Process for clueweb09-en0000-01-06755 has started.

Process for clueweb09-en0000-00-04980 completed in 7.9240000248 seconds

Process for clueweb09-en0000-00-04981 has started.

Process for clueweb09-en0000-00-33866 completed in 10.1719999313 seconds

Process for clueweb09-en0000-00-34134 has started.

Process for clueweb09-en0000-00-00175 completed in 22.0659999847 seconds

Process for clueweb09-en0000-00-01713 has started.

Process for clueweb09-en0000-00-18103 completed in 5.4880001545 seconds

Process for clueweb09-en0000-00-18982 has started.

Process for clueweb09-en0000-00-16083 completed in 6.49899983406 seconds

Process for clueweb09-en0000-00-16138 has started.

Process for clueweb09-en0000-01-01291 completed in 4.07700014114 seconds

Process for clueweb09-en0000-01-01749 has started.

Process for clueweb09-en0000-01-04196 completed in 6.13800001144 seconds

Process for clueweb09-en0000-01-04198 has started.

Process for clueweb09-en0000-00-24823 completed in 3.22399997711 seconds

Process for clueweb09-en0000-00-24999 has started.

Process for clueweb09-en0000-00-09290 completed in 13.3129999638 seconds

Process for clueweb09-en0000-00-10105 has started.

Process for clueweb09-en0000-00-34134 completed in 2.80999994278 seconds

Process for clueweb09-en0000-00-34136 has started.

Process for clueweb09-en0000-00-08250 completed in 4.99899983406 seconds

Process for clueweb09-en0000-00-08564 has started.

Process for clueweb09-en0000-00-19168 completed in 7.27900004387 seconds

Process for clueweb09-en0000-00-19219 has started.

Process for clueweb09-en0000-00-29272 completed in 11.8250000477 seconds

Process for clueweb09-en0000-00-29275 has started.

Process for clueweb09-en0000-00-15558 completed in 3.90199995041 seconds

Process for clueweb09-en0000-00-15750 has started.

Process for clueweb09-en0000-00-21115 completed in 6.31500005722 seconds

Process for clueweb09-en0000-01-06965 has started.

Process for clueweb09-en0000-00-26331 completed in 6.94400000572 seconds

Process for clueweb09-en0000-01-07117 has started.

Process for clueweb09-en0000-00-26070 completed in 11.265999794 seconds

Process for clueweb09-en0000-00-26071 has started.

Process for clueweb09-en0000-00-16403 completed in 6.38199996948 seconds

Process for clueweb09-en0000-01-08616 has started.

Process for clueweb09-en0000-00-27507 completed in 5.20200014114 seconds

Process for clueweb09-en0000-00-27773 has started.

Process for clueweb09-en0000-00-13848 completed in 7.32299995422 seconds

Process for clueweb09-en0000-00-13852 has started.

Process for clueweb09-en0000-00-20883 completed in 5.09999990463 seconds

Process for clueweb09-en0000-00-20892 has started.

Process for clueweb09-en0000-00-26320 completed in 8.6210000515 seconds

Process for clueweb09-en0000-00-26321 has started.

Process for clueweb09-en0000-00-16138 completed in 3.86899995804 seconds

Process for clueweb09-en0000-01-09913 has started.

Process for clueweb09-en0000-00-25030 completed in 18.6770000458 seconds

Process for clueweb09-en0000-00-25723 has started.

Process for clueweb09-en0000-00-05664 completed in 5.89599990845 seconds

Process for clueweb09-en0000-00-05824 has started.

Process for clueweb09-en0000-00-19361 completed in 16.5700001717 seconds

Process for clueweb09-en0000-00-19468 has started.

Process for clueweb09-en0000-00-14973 completed in 26.5230000019 seconds

Process for clueweb09-en0000-00-14974 has started.

Process for clueweb09-en0000-00-22175 completed in 7.36900019646 seconds

Process for clueweb09-en0000-01-12069 has started.

Process for clueweb09-en0000-00-21055 completed in 5.85500001907 seconds

Process for clueweb09-en0000-01-12776 has started.

Process for clueweb09-en0000-00-26061 completed in 11.5409998894 seconds

Process for clueweb09-en0000-00-26062 has started.

Process for clueweb09-en0000-01-01923 completed in 10.6040000916 seconds

Process for clueweb09-en0000-01-01924 has started.

Process for clueweb09-en0000-00-34136 completed in 2.08599996567 seconds

Process for clueweb09-en0000-00-34886 has started.

Process for clueweb09-en0000-00-27802 completed in 10.2029998302 seconds

Process for clueweb09-en0000-00-29094 has started.

Process for clueweb09-en0000-00-01713 completed in 4.92000007629 seconds

Process for clueweb09-en0000-00-01739 has started.

Process for clueweb09-en0000-01-06755 completed in 5.65199995041 seconds

Process for clueweb09-en0000-01-06785 has started.

Process for clueweb09-en0000-00-21034 completed in 6.7460000515 seconds

Process for clueweb09-en0000-01-12795 has started.

Process for clueweb09-en0000-00-15372 completed in 7.63199996948 seconds

Process for clueweb09-en0000-00-15379 has started.

Process for clueweb09-en0000-00-04981 completed in 5.87800002098 seconds

Process for clueweb09-en0000-00-05018 has started.

Process for clueweb09-en0000-00-34928 completed in 13.4159998894 seconds

Process for clueweb09-en0000-01-00267 has started.

Process for clueweb09-en0000-01-01749 completed in 5.68899989128 seconds

Process for clueweb09-en0000-01-01902 has started.

Process for clueweb09-en0000-00-19219 completed in 3.18799996376 seconds

Process for clueweb09-en0000-01-12821 has started.

Process for clueweb09-en0000-00-07887 completed in 20.9479999542 seconds

Process for clueweb09-en0000-00-07898 has started.

Process for clueweb09-en0000-01-04198 completed in 5.80900001526 seconds

Process for clueweb09-en0000-01-04200 has started.

Process for clueweb09-en0000-00-29275 completed in 3.60000014305 seconds

Process for clueweb09-en0000-01-12825 has started.

Process for clueweb09-en0000-01-12776 completed in 1.93799996376 seconds

Process for clueweb09-en0000-01-12777 has started.

Process for clueweb09-en0000-00-24999 completed in 5.91499996185 seconds

Process for clueweb09-en0000-01-12836 has started.

Process for clueweb09-en0000-00-20622 completed in 10.7879998684 seconds

Process for clueweb09-en0000-00-20764 has started.

Process for clueweb09-en0000-01-12795 completed in 2.73300004005 seconds

Process for clueweb09-en0000-01-12798 has started.

Process for clueweb09-en0000-01-08616 completed in 4.66199994087 seconds

Process for clueweb09-en0000-01-08623 has started.

Process for clueweb09-en0000-01-07117 completed in 5.12800002098 seconds

Process for clueweb09-en0000-01-07172 has started.

Process for clueweb09-en0000-00-20892 completed in 4.40899991989 seconds

Process for clueweb09-en0000-01-13330 has started.

Process for clueweb09-en0000-00-13852 completed in 4.56699991226 seconds

Process for clueweb09-en0000-01-14442 has started.

Process for clueweb09-en0000-00-05824 completed in 4.18099999428 seconds

Process for clueweb09-en0000-00-06261 has started.

Process for clueweb09-en0000-00-01739 completed in 3.85599994659 seconds

Process for clueweb09-en0000-00-01835 has started.

Process for clueweb09-en0000-01-12777 completed in 2.47200012207 seconds

Process for clueweb09-en0000-01-12781 has started.

Process for clueweb09-en0000-00-26321 completed in 4.9359998703 seconds

Process for clueweb09-en0000-01-16015 has started.

Process for clueweb09-en0000-01-06965 completed in 6.06699991226 seconds

Process for clueweb09-en0000-01-06970 has started.

Process for clueweb09-en0000-00-03550 completed in 11.1970000267 seconds

Process for clueweb09-en0000-01-19529 has started.

Process for clueweb09-en0000-01-12825 completed in 2.83399987221 seconds

Process for clueweb09-en0000-01-12827 has started.

Process for clueweb09-en0000-00-05018 completed in 3.97900009155 seconds

Process for clueweb09-en0000-01-20724 has started.

Process for clueweb09-en0000-01-12798 completed in 2.05399990082 seconds

Process for clueweb09-en0000-01-12819 has started.

Process for clueweb09-en0000-01-14442 completed in 1.40799999237 seconds

Process for clueweb09-en0000-01-15199 has started.

Process for clueweb09-en0000-00-22459 completed in 21.3099999428 seconds

Process for clueweb09-en0000-00-22769 has started.

Process for clueweb09-en0000-00-10105 completed in 8.65200018883 seconds

Process for clueweb09-en0000-00-10175 has started.

Process for clueweb09-en0000-00-34894 completed in 19.9600000381 seconds

Process for clueweb09-en0000-00-34897 has started.

Process for clueweb09-en0000-01-09913 completed in 6.63499999046 seconds

Process for clueweb09-en0000-01-10545 has started.

Process for clueweb09-en0000-00-01835 completed in 3.03299999237 seconds

Process for clueweb09-en0000-01-21861 has started.

Process for clueweb09-en0000-01-12819 completed in 2.0 seconds

Process for clueweb09-en0000-01-12820 has started.

Process for clueweb09-en0000-01-07172 completed in 4.28500008583 seconds

Process for clueweb09-en0000-01-07231 has started.

Process for clueweb09-en0000-01-12827 completed in 3.2650001049 seconds

Process for clueweb09-en0000-01-12828 has started.

Process for clueweb09-en0000-01-12781 completed in 3.63999986649 seconds

Process for clueweb09-en0000-01-12784 has started.

Process for clueweb09-en0000-01-06785 completed in 7.71700000763 seconds

Process for clueweb09-en0000-01-06930 has started.

Process for clueweb09-en0000-00-26071 completed in 9.55400013924 seconds

Process for clueweb09-en0000-00-26076 has started.

Process for clueweb09-en0000-01-01924 completed in 8.23700022697 seconds

Process for clueweb09-en0000-01-02397 has started.

Process for clueweb09-en0000-01-12821 completed in 7.3140001297 seconds

Process for clueweb09-en0000-01-12822 has started.

Process for clueweb09-en0000-01-04200 completed in 7.18200016022 seconds

Process for clueweb09-en0000-01-04890 has started.

Process for clueweb09-en0000-01-05039 completed in 17.3180000782 seconds

Process for clueweb09-en0000-01-06049 has started.

Process for clueweb09-en0000-00-15379 completed in 8.06300020218 seconds

Process for clueweb09-en0000-01-22391 has started.

Process for clueweb09-en0000-00-08564 completed in 11.106000185 seconds

Process for clueweb09-en0000-00-08620 has started.

Process for clueweb09-en0000-01-21861 completed in 2.40100002289 seconds

Process for clueweb09-en0000-01-21864 has started.

Process for clueweb09-en0000-00-07898 completed in 7.91999983788 seconds

Process for clueweb09-en0000-02-00060 has started.

Process for clueweb09-en0000-01-12820 completed in 2.367000103 seconds

Process for clueweb09-en0000-02-00066 has started.

Process for clueweb09-en0000-00-27773 completed in 10.4329998493 seconds

Process for clueweb09-en0000-02-00075 has started.

Process for clueweb09-en0000-00-18982 completed in 14.5519998074 seconds

Process for clueweb09-en0000-02-00095 has started.

Process for clueweb09-en0000-00-22769 completed in 5.00900006294 seconds

Process for clueweb09-en0000-02-00112 has started.

Process for clueweb09-en0000-00-25723 completed in 11.2509999275 seconds

Process for clueweb09-en0000-00-25790 has started.

Process for clueweb09-en0000-01-16015 completed in 6.69800019264 seconds

Process for clueweb09-en0000-01-16024 has started.

Process for clueweb09-en0000-01-00267 completed in 10.0449998379 seconds

Process for clueweb09-en0000-01-00328 has started.

Process for clueweb09-en0000-00-10175 completed in 5.41299986839 seconds

Process for clueweb09-en0000-02-00121 has started.

Process for clueweb09-en0000-01-12828 completed in 3.41400003433 seconds

Process for clueweb09-en0000-01-12834 has started.

Process for clueweb09-en0000-01-06970 completed in 6.92499995232 seconds

Process for clueweb09-en0000-01-07104 has started.

Process for clueweb09-en0000-00-20764 completed in 8.70900011063 seconds

Process for clueweb09-en0000-00-20861 has started.

Process for clueweb09-en0000-01-08623 completed in 8.27500009537 seconds

Process for clueweb09-en0000-01-08627 has started.

Process for clueweb09-en0000-01-01902 completed in 10.3870000839 seconds

Process for clueweb09-en0000-02-01059 has started.

Process for clueweb09-en0000-01-02397 completed in 3.59200000763 seconds

Process for clueweb09-en0000-01-04049 has started.

Process for clueweb09-en0000-01-21864 completed in 2.56100010872 seconds

Process for clueweb09-en0000-01-21891 has started.

Process for clueweb09-en0000-01-04890 completed in 3.32499980927 seconds

Process for clueweb09-en0000-02-05200 has started.

Process for clueweb09-en0000-01-12836 completed in 10.2430000305 seconds

Process for clueweb09-en0000-01-12837 has started.

Process for clueweb09-en0000-01-07231 completed in 4.27799987793 seconds

Process for clueweb09-en0000-01-08572 has started.

Process for clueweb09-en0000-02-00060 completed in 3.35899996758 seconds

Process for clueweb09-en0000-02-00061 has started.

Process for clueweb09-en0000-00-26062 completed in 12.9290001392 seconds

Process for clueweb09-en0000-00-26065 has started.

Process for clueweb09-en0000-01-06930 completed in 4.96700000763 seconds

Process for clueweb09-en0000-01-06964 has started.

Process for clueweb09-en0000-00-06261 completed in 9.30000019073 seconds

Process for clueweb09-en0000-02-06855 has started.

Process for clueweb09-en0000-01-13330 completed in 9.62400007248 seconds

Process for clueweb09-en0000-01-13548 has started.

Process for clueweb09-en0000-01-12822 completed in 4.58200001717 seconds

Process for clueweb09-en0000-01-12823 has started.

Process for clueweb09-en0000-01-00328 completed in 2.40499997139 seconds

Process for clueweb09-en0000-01-01067 has started.

Process for clueweb09-en0000-02-00095 completed in 3.85699987411 seconds

Process for clueweb09-en0000-02-00101 has started.

Process for clueweb09-en0000-01-20724 completed in 9.26999998093 seconds

Process for clueweb09-en0000-01-21284 has started.

Process for clueweb09-en0000-01-07104 completed in 3.0640001297 seconds

Process for clueweb09-en0000-01-07110 has started.

Process for clueweb09-en0000-01-12784 completed in 6.60500001907 seconds

Process for clueweb09-en0000-02-07220 has started.

Process for clueweb09-en0000-02-00112 completed in 4.07400012016 seconds

Process for clueweb09-en0000-02-00115 has started.

Process for clueweb09-en0000-01-21891 completed in 2.75699996948 seconds

Process for clueweb09-en0000-01-21892 has started.

Process for clueweb09-en0000-01-22391 completed in 5.70199990273 seconds

Process for clueweb09-en0000-02-00027 has started.

Process for clueweb09-en0000-01-08627 completed in 3.34400010109 seconds

Process for clueweb09-en0000-01-08628 has started.

Process for clueweb09-en0000-01-12069 completed in 15.2139999866 seconds

Process for clueweb09-en0000-01-12354 has started.

Process for clueweb09-en0000-02-00066 completed in 5.51600003242 seconds

Process for clueweb09-en0000-02-00067 has started.

Process for clueweb09-en0000-01-16024 completed in 3.99199986458 seconds

Process for clueweb09-en0000-01-17341 has started.

Process for clueweb09-en0000-02-00075 completed in 5.59300017357 seconds

Process for clueweb09-en0000-02-00076 has started.

Process for clueweb09-en0000-00-19468 completed in 15.5879998207 seconds

Process for clueweb09-en0000-02-07828 has started.

Process for clueweb09-en0000-01-08572 completed in 3.21200013161 seconds

Process for clueweb09-en0000-02-07833 has started.

Process for clueweb09-en0000-02-00121 completed in 4.21500015259 seconds

Process for clueweb09-en0000-02-00130 has started.

Process for clueweb09-en0000-02-05200 completed in 3.95500016212 seconds

Process for clueweb09-en0000-02-05201 has started.

Process for clueweb09-en0000-01-07110 completed in 1.64800000191 seconds

Process for clueweb09-en0000-02-07837 has started.

Process for clueweb09-en0000-01-12823 completed in 3.18400001526 seconds

Process for clueweb09-en0000-01-12824 has started.

Process for clueweb09-en0000-00-14974 completed in 16.8929998875 seconds

Process for clueweb09-en0000-00-15324 has started.

Process for clueweb09-en0000-02-00061 completed in 4.20799994469 seconds

Process for clueweb09-en0000-02-00064 has started.

Process for clueweb09-en0000-01-12834 completed in 5.76200008392 seconds

Process for clueweb09-en0000-02-08148 has started.

Process for clueweb09-en0000-01-15199 completed in 11.9479999542 seconds

Process for clueweb09-en0000-01-15644 has started.

Process for clueweb09-en0000-00-29094 completed in 17.0509998798 seconds

Process for clueweb09-en0000-02-09343 has started.

Process for clueweb09-en0000-01-06964 completed in 4.5649998188 seconds

Process for clueweb09-en0000-02-11698 has started.

Process for clueweb09-en0000-01-21892 completed in 2.91199994087 seconds

Process for clueweb09-en0000-02-12073 has started.

Process for clueweb09-en0000-02-00027 completed in 3.46000003815 seconds

Process for clueweb09-en0000-02-00030 has started.

Process for clueweb09-en0000-00-08620 completed in 9.27499985695 seconds

Process for clueweb09-en0000-02-12082 has started.

Process for clueweb09-en0000-00-20861 completed in 7.4279999733 seconds

Process for clueweb09-en0000-02-12473 has started.

Process for clueweb09-en0000-01-12824 completed in 2.81900000572 seconds

Process for clueweb09-en0000-02-16953 has started.

Process for clueweb09-en0000-01-12354 completed in 4.8860001564 seconds

Process for clueweb09-en0000-01-12451 has started.

Process for clueweb09-en0000-02-05201 completed in 3.91499996185 seconds

Process for clueweb09-en0000-02-06187 has started.

Process for clueweb09-en0000-00-26076 completed in 11.8410000801 seconds

Process for clueweb09-en0000-02-18395 has started.

Process for clueweb09-en0000-02-00101 completed in 6.07400012016 seconds

Process for clueweb09-en0000-02-00106 has started.

Process for clueweb09-en0000-02-11698 completed in 2.5680000782 seconds

Process for clueweb09-en0000-02-11701 has started.

Process for clueweb09-en0000-02-00115 completed in 5.40899991989 seconds

Process for clueweb09-en0000-02-00116 has started.

Process for clueweb09-en0000-00-34886 completed in 20.2079999447 seconds

Process for clueweb09-en0000-02-19282 has started.

Process for clueweb09-en0000-01-08628 completed in 5.57299995422 seconds

Process for clueweb09-en0000-02-19743 has started.

Process for clueweb09-en0000-01-04049 completed in 8.80199980736 seconds

Process for clueweb09-en0000-02-19916 has started.

Process for clueweb09-en0000-02-00067 completed in 5.70499992371 seconds

Process for clueweb09-en0000-02-00070 has started.

Process for clueweb09-en0000-02-00076 completed in 5.55499982834 seconds

Process for clueweb09-en0000-02-00081 has started.

Process for clueweb09-en0000-01-21284 completed in 6.55500006676 seconds

Process for clueweb09-en0000-01-21285 has started.

Process for clueweb09-en0000-01-13548 completed in 7.58400011063 seconds

Process for clueweb09-en0000-01-13559 has started.

Process for clueweb09-en0000-02-00130 completed in 5.45299983025 seconds

Process for clueweb09-en0000-02-00131 has started.

Process for clueweb09-en0000-00-34897 completed in 15.0480000973 seconds

Process for clueweb09-en0000-00-34898 has started.

Process for clueweb09-en0000-01-06049 completed in 12.0859999657 seconds

Process for clueweb09-en0000-01-06188 has started.

Process for clueweb09-en0000-00-26065 completed in 9.07299995422 seconds

Process for clueweb09-en0000-02-19954 has started.

Process for clueweb09-en0000-00-15750 completed in 23.9400000572 seconds

Process for clueweb09-en0000-02-19975 has started.

Process for clueweb09-en0000-01-01067 completed in 9.29699993134 seconds

Process for clueweb09-en0000-02-20853 has started.

Process for clueweb09-en0000-02-00030 completed in 4.68000006676 seconds

Process for clueweb09-en0000-02-00054 has started.

Process for clueweb09-en0000-02-00064 completed in 5.97099995613 seconds

Process for clueweb09-en0000-02-00065 has started.

Process for clueweb09-en0000-01-17341 completed in 8.20200014114 seconds

Process for clueweb09-en0000-01-18740 has started.

Process for clueweb09-en0000-01-12837 completed in 11.1679999828 seconds

Process for clueweb09-en0000-01-12838 has started.

Process for clueweb09-en0000-01-12451 completed in 3.52799987793 seconds

Process for clueweb09-en0000-01-12699 has started.

Process for clueweb09-en0000-02-12473 completed in 4.4849998951 seconds

Process for clueweb09-en0000-02-12690 has started.

Process for clueweb09-en0000-02-16953 completed in 4.16900014877 seconds

Process for clueweb09-en0000-02-18239 has started.

Process for clueweb09-en0000-02-07833 completed in 9.05000019073 seconds

Process for clueweb09-en0000-02-07834 has started.

Process for clueweb09-en0000-02-12073 completed in 6.85000014305 seconds

Process for clueweb09-en0000-02-12074 has started.

Process for clueweb09-en0000-02-09343 completed in 7.74500012398 seconds

Process for clueweb09-en0000-02-11558 has started.

Process for clueweb09-en0000-02-06187 completed in 4.93000006676 seconds

Process for clueweb09-en0000-02-06594 has started.

Process for clueweb09-en0000-02-19954 completed in 2.97699999809 seconds

Process for clueweb09-en0000-02-19962 has started.

Process for clueweb09-en0000-01-12838 completed in 1.65499997139 seconds

Process for clueweb09-en0000-01-13307 has started.

Process for clueweb09-en0000-01-12699 completed in 1.87000012398 seconds

Process for clueweb09-en0000-02-21130 has started.

Process for clueweb09-en0000-02-12082 completed in 6.77199983597 seconds

Process for clueweb09-en0000-02-12083 has started.

Process for clueweb09-en0000-00-15324 completed in 8.99300003052 seconds

Process for clueweb09-en0000-00-15330 has started.

Process for clueweb09-en0000-00-25790 completed in 14.7790000439 seconds

Process for clueweb09-en0000-02-21373 has started.

Process for clueweb09-en0000-02-00106 completed in 5.76900005341 seconds

Process for clueweb09-en0000-02-00109 has started.

Process for clueweb09-en0000-02-07220 completed in 11.2410001755 seconds

Process for clueweb09-en0000-02-07824 has started.

Process for clueweb09-en0000-02-00054 completed in 2.94499993324 seconds

Process for clueweb09-en0000-02-21566 has started.

Process for clueweb09-en0000-02-19975 completed in 3.90799999237 seconds

Process for clueweb09-en0000-02-19985 has started.

Process for clueweb09-en0000-02-19743 completed in 5.63499999046 seconds

Process for clueweb09-en0000-02-19763 has started.

Process for clueweb09-en0000-02-20853 completed in 3.34400010109 seconds

Process for clueweb09-en0000-02-21053 has started.

Process for clueweb09-en0000-01-13559 completed in 5.42000007629 seconds

Process for clueweb09-en0000-01-13977 has started.

Process for clueweb09-en0000-02-11701 completed in 6.1890001297 seconds

Process for clueweb09-en0000-02-11716 has started.

Process for clueweb09-en0000-02-00070 completed in 5.71599984169 seconds

Process for clueweb09-en0000-02-00071 has started.

Process for clueweb09-en0000-02-00116 completed in 6.4319999218 seconds

Process for clueweb09-en0000-02-00117 has started.

Process for clueweb09-en0000-02-00131 completed in 6.10899996758 seconds

Process for clueweb09-en0000-02-00454 has started.

Process for clueweb09-en0000-02-00065 completed in 3.96700000763 seconds

Process for clueweb09-en0000-02-23269 has started.

Process for clueweb09-en0000-01-19529 completed in 22.7430000305 seconds

Process for clueweb09-en0000-01-20612 has started.

Process for clueweb09-en0000-01-10545 completed in 21.2300000191 seconds

Process for clueweb09-en0000-01-10665 has started.

Process for clueweb09-en0000-02-19916 completed in 7.38300013542 seconds

Process for clueweb09-en0000-02-19920 has started.

Process for clueweb09-en0000-02-08148 completed in 10.9760000706 seconds

Process for clueweb09-en0000-02-08149 has started.

Process for clueweb09-en0000-02-00081 completed in 7.65100002289 seconds

Process for clueweb09-en0000-02-00093 has started.

Process for clueweb09-en0000-01-18740 completed in 5.25900006294 seconds

Process for clueweb09-en0000-02-23499 has started.

Process for clueweb09-en0000-02-01059 completed in 16.8510000706 seconds

Process for clueweb09-en0000-02-01784 has started.

Process for clueweb09-en0000-02-12690 completed in 5.43700003624 seconds

Process for clueweb09-en0000-02-13286 has started.

Process for clueweb09-en0000-01-13977 completed in 2.8789999485 seconds

Process for clueweb09-en0000-02-24186 has started.

Process for clueweb09-en0000-01-10665 completed in 3.257999897 seconds

Process for clueweb09-en0000-01-11933 has started.

Process for clueweb09-en0000-02-11716 completed in 4.4279999733 seconds

Process for clueweb09-en0000-02-12072 has started.

Process for clueweb09-en0000-02-06594 completed in 6.03899979591 seconds

Process for clueweb09-en0000-02-25043 has started.

Process for clueweb09-en0000-01-13307 completed in 6.02800011635 seconds

Process for clueweb09-en0000-02-25740 has started.

Process for clueweb09-en0000-01-20612 completed in 4.24399995804 seconds

Process for clueweb09-en0000-01-20634 has started.

Process for clueweb09-en0000-02-19282 completed in 11.3080000877 seconds

Process for clueweb09-en0000-02-19383 has started.

Process for clueweb09-en0000-02-21373 completed in 5.97599983215 seconds

Process for clueweb09-en0000-02-21440 has started.

Process for clueweb09-en0000-02-19962 completed in 6.97399997711 seconds

Process for clueweb09-en0000-02-19971 has started.

Process for clueweb09-en0000-02-23269 completed in 5.65300011635 seconds

Process for clueweb09-en0000-02-23479 has started.

Process for clueweb09-en0000-02-11558 completed in 7.82899999619 seconds

Process for clueweb09-en0000-02-11684 has started.

Process for clueweb09-en0000-01-15644 completed in 15.9649999142 seconds

Process for clueweb09-en0000-01-15676 has started.

Process for clueweb09-en0000-02-19985 completed in 7.10299992561 seconds

Process for clueweb09-en0000-02-20141 has started.

Process for clueweb09-en0000-02-12074 completed in 8.92600011826 seconds

Process for clueweb09-en0000-02-12076 has started.

Process for clueweb09-en0000-02-25740 completed in 2.83000016212 seconds

Process for clueweb09-en0000-02-25741 has started.

Process for clueweb09-en0000-02-00109 completed in 8.11800003052 seconds

Process for clueweb09-en0000-02-26628 has started.

Process for clueweb09-en0000-01-06188 completed in 12.8580000401 seconds

Process for clueweb09-en0000-01-06752 has started.

Process for clueweb09-en0000-02-00117 completed in 7.3259999752 seconds

Process for clueweb09-en0000-02-29943 has started.

Process for clueweb09-en0000-01-21285 completed in 13.1319999695 seconds

Process for clueweb09-en0000-01-21462 has started.

Process for clueweb09-en0000-02-19920 completed in 5.92299985886 seconds

Process for clueweb09-en0000-02-19941 has started.

Process for clueweb09-en0000-02-00071 completed in 7.66000008583 seconds

Process for clueweb09-en0000-02-30129 has started.

Process for clueweb09-en0000-02-18395 completed in 14.1779999733 seconds

Process for clueweb09-en0000-02-18399 has started.

Process for clueweb09-en0000-02-21053 completed in 8.36899995804 seconds

Process for clueweb09-en0000-02-21054 has started.

Process for clueweb09-en0000-02-21130 completed in 9.4319999218 seconds

Process for clueweb09-en0000-02-21197 has started.

Process for clueweb09-en0000-02-19763 completed in 8.67700004578 seconds

Process for clueweb09-en0000-02-19907 has started.

Process for clueweb09-en0000-02-00093 completed in 6.47899985313 seconds

Process for clueweb09-en0000-02-30134 has started.

Process for clueweb09-en0000-00-15330 completed in 9.35599994659 seconds

Process for clueweb09-en0000-02-31641 has started.

Process for clueweb09-en0000-02-21566 completed in 9.09800004959 seconds

Process for clueweb09-en0000-02-21596 has started.

Process for clueweb09-en0000-02-00454 completed in 8.04499983788 seconds

Process for clueweb09-en0000-02-33321 has started.

Process for clueweb09-en0000-02-18239 completed in 11.5439999104 seconds

Process for clueweb09-en0000-02-18367 has started.

Process for clueweb09-en0000-02-24186 completed in 5.91999983788 seconds

Process for clueweb09-en0000-02-24202 has started.

Process for clueweb09-en0000-02-12083 completed in 10.0080001354 seconds

Process for clueweb09-en0000-02-12085 has started.

Process for clueweb09-en0000-02-07824 completed in 9.68099999428 seconds

Process for clueweb09-en0000-02-07826 has started.

Process for clueweb09-en0000-02-08149 completed in 7.5039999485 seconds

Process for clueweb09-en0000-02-08790 has started.

Process for clueweb09-en0000-02-23479 completed in 3.11599993706 seconds

Process for clueweb09-en0000-02-23482 has started.

Process for clueweb09-en0000-02-18399 completed in 3.49399995804 seconds

Process for clueweb09-en0000-02-18865 has started.

Process for clueweb09-en0000-02-29943 completed in 3.76999998093 seconds

Process for clueweb09-en0000-02-29945 has started.

Process for clueweb09-en0000-02-21440 completed in 6.12800002098 seconds

Process for clueweb09-en0000-02-21469 has started.

Process for clueweb09-en0000-00-34898 completed in 16.8079998493 seconds

Process for clueweb09-en0000-00-34899 has started.

Process for clueweb09-en0000-02-11684 completed in 5.40899991989 seconds

Process for clueweb09-en0000-02-11689 has started.

Process for clueweb09-en0000-01-21462 completed in 4.26800012589 seconds

Process for clueweb09-en0000-02-34121 has started.

Process for clueweb09-en0000-02-06855 completed in 25.2669999599 seconds

Process for clueweb09-en0000-02-07081 has started.

Process for clueweb09-en0000-02-12076 completed in 5.34199976921 seconds

Process for clueweb09-en0000-02-12080 has started.

Process for clueweb09-en0000-02-01784 completed in 11.4819998741 seconds

Process for clueweb09-en0000-02-02878 has started.

Process for clueweb09-en0000-01-06752 completed in 6.81900000572 seconds

Process for clueweb09-en0000-02-34466 has started.

Process for clueweb09-en0000-02-19971 completed in 8.84599995613 seconds

Process for clueweb09-en0000-02-19974 has started.

Process for clueweb09-en0000-02-30129 completed in 6.68300008774 seconds

Process for clueweb09-en0000-02-30130 has started.

Process for clueweb09-en0000-02-12072 completed in 10.135999918 seconds

Process for clueweb09-en0000-03-00298 has started.

Process for clueweb09-en0000-02-21197 completed in 6.367000103 seconds

Process for clueweb09-en0000-02-21205 has started.

Process for clueweb09-en0000-02-26628 completed in 7.4470000267 seconds

Process for clueweb09-en0000-02-27244 has started.

Process for clueweb09-en0000-02-21054 completed in 7.04200005531 seconds

Process for clueweb09-en0000-02-21066 has started.

Process for clueweb09-en0000-02-19941 completed in 8.05399990082 seconds

Process for clueweb09-en0000-02-19945 has started.

Process for clueweb09-en0000-02-25043 completed in 11.0770001411 seconds

Process for clueweb09-en0000-02-25137 has started.

Process for clueweb09-en0000-02-07081 completed in 6.20599985123 seconds

Process for clueweb09-en0000-02-07163 has started.

Process for clueweb09-en0000-02-18367 completed in 9.91899991035 seconds

Process for clueweb09-en0000-02-18373 has started.

Process for clueweb09-en0000-02-21596 completed in 11.3380000591 seconds

Process for clueweb09-en0000-02-21603 has started.

Process for clueweb09-en0000-02-12080 completed in 7.56500005722 seconds

Process for clueweb09-en0000-03-04045 has started.

Process for clueweb09-en0000-02-34466 completed in 5.64199995995 seconds

Process for clueweb09-en0000-02-34503 has started.

Process for clueweb09-en0000-02-31641 completed in 11.5329999924 seconds

Process for clueweb09-en0000-02-32970 has started.

Process for clueweb09-en0000-02-24202 completed in 11.753000021 seconds

Process for clueweb09-en0000-02-24235 has started.

Process for clueweb09-en0000-02-29945 completed in 9.15399980545 seconds

Process for clueweb09-en0000-02-30127 has started.

Process for clueweb09-en0000-02-07837 completed in 30.8159999847 seconds

Process for clueweb09-en0000-02-07839 has started.

Process for clueweb09-en0000-02-19945 completed in 5.15400004387 seconds

Process for clueweb09-en0000-03-05633 has started.

Process for clueweb09-en0000-02-21469 completed in 9.58899998665 seconds

Process for clueweb09-en0000-02-21518 has started.

Process for clueweb09-en0000-02-12085 completed in 12.135999918 seconds

Process for clueweb09-en0000-02-12464 has started.

Process for clueweb09-en0000-02-19907 completed in 12.6360001564 seconds

Process for clueweb09-en0000-02-19913 has started.

Process for clueweb09-en0000-02-18865 completed in 10.0609998703 seconds

Process for clueweb09-en0000-02-19024 has started.

Process for clueweb09-en0000-02-30134 completed in 12.8659999371 seconds

Process for clueweb09-en0000-02-30979 has started.

Process for clueweb09-en0000-02-19383 completed in 16.2630000114 seconds

Process for clueweb09-en0000-02-19428 has started.

Process for clueweb09-en0000-02-27244 completed in 6.51200008392 seconds

Process for clueweb09-en0000-02-27262 has started.

Process for clueweb09-en0000-02-30130 completed in 7.06900000572 seconds

Process for clueweb09-en0000-02-30131 has started.

Process for clueweb09-en0000-02-19974 completed in 7.20900011063 seconds

Process for clueweb09-en0000-03-10029 has started.

Process for clueweb09-en0000-02-23482 completed in 12.2810001373 seconds

Process for clueweb09-en0000-02-23484 has started.

Process for clueweb09-en0000-02-24235 completed in 1.46099996567 seconds

Process for clueweb09-en0000-02-24633 has started.

Process for clueweb09-en0000-02-23499 completed in 19.7890000343 seconds

Process for clueweb09-en0000-02-23636 has started.

Process for clueweb09-en0000-02-25741 completed in 14.5979998112 seconds

Process for clueweb09-en0000-02-25956 has started.

Process for clueweb09-en0000-02-20141 completed in 15.3400001526 seconds

Process for clueweb09-en0000-02-20156 has started.

Process for clueweb09-en0000-03-00298 completed in 8.06300020218 seconds

Process for clueweb09-en0000-03-01058 has started.

Process for clueweb09-en0000-02-07828 completed in 33.7389998436 seconds

Process for clueweb09-en0000-02-07830 has started.

Process for clueweb09-en0000-01-20634 completed in 18.120000124 seconds

Process for clueweb09-en0000-01-20715 has started.

Process for clueweb09-en0000-03-04045 completed in 3.39900016785 seconds

Process for clueweb09-en0000-03-04048 has started.

Process for clueweb09-en0000-02-32970 completed in 3.62400007248 seconds

Process for clueweb09-en0000-02-33130 has started.

Process for clueweb09-en0000-02-33321 completed in 15.4100000858 seconds

Process for clueweb09-en0000-02-33343 has started.

Process for clueweb09-en0000-02-30979 completed in 3.17200016975 seconds

Process for clueweb09-en0000-02-30997 has started.

Process for clueweb09-en0000-02-34503 completed in 5.2650001049 seconds

Process for clueweb09-en0000-02-34840 has started.

Process for clueweb09-en0000-02-21066 completed in 10.3789999485 seconds

Process for clueweb09-en0000-03-11222 has started.

Process for clueweb09-en0000-02-21205 completed in 10.8959999084 seconds

Process for clueweb09-en0000-02-21262 has started.

Process for clueweb09-en0000-02-07834 completed in 27.7329998016 seconds

Process for clueweb09-en0000-02-07835 has started.

Process for clueweb09-en0000-02-11689 completed in 14.4479999542 seconds

Process for clueweb09-en0000-03-11240 has started.

Process for clueweb09-en0000-02-30127 completed in 5.76099991798 seconds

Process for clueweb09-en0000-02-30128 has started.

Process for clueweb09-en0000-02-30131 completed in 4.84200000763 seconds

Process for clueweb09-en0000-02-30132 has started.

Process for clueweb09-en0000-02-18373 completed in 7.91400003433 seconds

Process for clueweb09-en0000-03-11263 has started.

Process for clueweb09-en0000-02-21603 completed in 6.90899991989 seconds

Process for clueweb09-en0000-02-23225 has started.

Process for clueweb09-en0000-02-25137 completed in 11.4819998741 seconds

Process for clueweb09-en0000-02-25470 has started.

Process for clueweb09-en0000-03-05633 completed in 6.89499998093 seconds

Process for clueweb09-en0000-03-06902 has started.

Process for clueweb09-en0000-02-23636 completed in 5.77200007439 seconds

Process for clueweb09-en0000-02-23708 has started.

Process for clueweb09-en0000-02-25956 completed in 6.40400004387 seconds

Process for clueweb09-en0000-02-26152 has started.

Process for clueweb09-en0000-02-12464 completed in 7.43700003624 seconds

Process for clueweb09-en0000-03-11273 has started.

Process for clueweb09-en0000-02-34840 completed in 3.50499987602 seconds

Process for clueweb09-en0000-02-36026 has started.

Process for clueweb09-en0000-02-30132 completed in 2.49500012398 seconds

Process for clueweb09-en0000-03-11291 has started.

Process for clueweb09-en0000-02-30128 completed in 2.67000007629 seconds

Process for clueweb09-en0000-03-14622 has started.

Process for clueweb09-en0000-03-04048 completed in 5.78200006485 seconds

Process for clueweb09-en0000-03-04433 has started.

Process for clueweb09-en0000-02-24633 completed in 7.68799996376 seconds

Process for clueweb09-en0000-03-16701 has started.

Process for clueweb09-en0000-03-01058 completed in 7.11999988556 seconds

Process for clueweb09-en0000-03-02441 has started.

Process for clueweb09-en0000-02-27262 completed in 8.32299995422 seconds

Process for clueweb09-en0000-02-27758 has started.

Process for clueweb09-en0000-02-23484 completed in 8.29899978638 seconds

Process for clueweb09-en0000-03-18532 has started.

Process for clueweb09-en0000-01-11933 completed in 25.8860001564 seconds

Process for clueweb09-en0000-03-21619 has started.

Process for clueweb09-en0000-03-11263 completed in 4.13899993896 seconds

Process for clueweb09-en0000-03-11264 has started.

Process for clueweb09-en0000-03-11240 completed in 4.6360001564 seconds

Process for clueweb09-en0000-03-11258 has started.

Process for clueweb09-en0000-02-21518 completed in 10.4539999962 seconds

Process for clueweb09-en0000-03-24617 has started.

Process for clueweb09-en0000-03-16701 completed in 1.88000011444 seconds

Process for clueweb09-en0000-03-16702 has started.

Process for clueweb09-en0000-03-11222 completed in 6.10400009155 seconds

Process for clueweb09-en0000-03-11223 has started.

Process for clueweb09-en0000-02-21262 completed in 6.2990000248 seconds

Process for clueweb09-en0000-03-28158 has started.

Process for clueweb09-en0000-02-23708 completed in 4.17899990082 seconds

Process for clueweb09-en0000-02-23871 has started.

Process for clueweb09-en0000-02-19913 completed in 10.8899998665 seconds

Process for clueweb09-en0000-03-29882 has started.

Process for clueweb09-en0000-02-07839 completed in 11.8760001659 seconds

Process for clueweb09-en0000-02-08142 has started.

Process for clueweb09-en0000-03-02441 completed in 2.91300010681 seconds

Process for clueweb09-en0000-03-03087 has started.

Process for clueweb09-en0000-03-21619 completed in 2.58200001717 seconds

Process for clueweb09-en0000-03-21620 has started.

Process for clueweb09-en0000-03-24617 completed in 1.43400001526 seconds

Process for clueweb09-en0000-03-25319 has started.

Process for clueweb09-en0000-03-06902 completed in 5.42100000381 seconds

Process for clueweb09-en0000-03-08135 has started.

Process for clueweb09-en0000-03-10029 completed in 12.242000103 seconds

Process for clueweb09-en0000-03-10805 has started.

Process for clueweb09-en0000-02-19024 completed in 12.6119999886 seconds

Process for clueweb09-en0000-03-32395 has started.

Process for clueweb09-en0000-02-30997 completed in 9.68400001526 seconds

Process for clueweb09-en0000-02-31277 has started.

Process for clueweb09-en0000-03-11258 completed in 3.73199987411 seconds

Process for clueweb09-en0000-03-11259 has started.

Process for clueweb09-en0000-02-27758 completed in 5.08299994469 seconds

Process for clueweb09-en0000-03-33496 has started.

Process for clueweb09-en0000-03-11223 completed in 3.62299990654 seconds

Process for clueweb09-en0000-03-11231 has started.

Process for clueweb09-en0000-00-34899 completed in 24.5 seconds

Process for clueweb09-en0000-03-33501 has started.

Process for clueweb09-en0000-02-26152 completed in 8.08899998665 seconds

Process for clueweb09-en0000-03-33506 has started.

Process for clueweb09-en0000-03-16702 completed in 5.14800000191 seconds

Process for clueweb09-en0000-03-18528 has started.

Process for clueweb09-en0000-03-21620 completed in 4.06399989128 seconds

Process for clueweb09-en0000-03-22378 has started.

Process for clueweb09-en0000-03-29882 completed in 4.85899996758 seconds

Process for clueweb09-en0000-03-30512 has started.

Process for clueweb09-en0000-03-11291 completed in 8.04499983788 seconds

Process for clueweb09-en0000-03-13161 has started.

Process for clueweb09-en0000-02-23871 completed in 5.08500003815 seconds

Process for clueweb09-en0000-03-33520 has started.

Process for clueweb09-en0000-03-11264 completed in 7.05900001526 seconds

Process for clueweb09-en0000-03-11265 has started.

Process for clueweb09-en0000-02-02878 completed in 23.9720001221 seconds

Process for clueweb09-en0000-02-03800 has started.

Process for clueweb09-en0000-03-33496 completed in 4.2610001564 seconds

Process for clueweb09-en0000-03-33497 has started.

Process for clueweb09-en0000-02-33343 completed in 15.5169999599 seconds

Process for clueweb09-en0000-02-33676 has started.

Process for clueweb09-en0000-02-07163 completed in 21.4610002041 seconds

Process for clueweb09-en0000-02-07215 has started.

Process for clueweb09-en0000-03-11259 completed in 5.18000006676 seconds

Process for clueweb09-en0000-03-11262 has started.

Process for clueweb09-en0000-03-32395 completed in 5.76399993896 seconds

Process for clueweb09-en0000-03-32427 has started.

Process for clueweb09-en0000-03-08135 completed in 7.25699996948 seconds

Process for clueweb09-en0000-03-09223 has started.

Process for clueweb09-en0000-03-25319 completed in 7.72500014305 seconds

Process for clueweb09-en0000-03-27685 has started.

Process for clueweb09-en0000-02-25470 completed in 14.3330001831 seconds

Process for clueweb09-en0000-02-25724 has started.

Process for clueweb09-en0000-03-11273 completed in 12.9900000095 seconds

Process for clueweb09-en0000-03-11282 has started.

Process for clueweb09-en0000-03-04433 completed in 12.3729999065 seconds

Process for clueweb09-en0000-03-05256 has started.

Process for clueweb09-en0000-03-13161 completed in 4.9279999733 seconds

Process for clueweb09-en0000-03-14289 has started.

Process for clueweb09-en0000-02-36026 completed in 13.2570002079 seconds

Process for clueweb09-en0000-03-33530 has started.

Process for clueweb09-en0000-03-28158 completed in 10.1759998798 seconds

Process for clueweb09-en0000-03-28208 has started.

Process for clueweb09-en0000-03-18532 completed in 12.0799999237 seconds

Process for clueweb09-en0000-03-18581 has started.

Process for clueweb09-en0000-02-07830 completed in 19.4480001926 seconds

Process for clueweb09-en0000-02-07831 has started.

Process for clueweb09-en0000-03-11231 completed in 6.82500004768 seconds

Process for clueweb09-en0000-03-11236 has started.

Process for clueweb09-en0000-02-07826 completed in 33.0149998665 seconds

Process for clueweb09-en0000-02-07827 has started.

Process for clueweb09-en0000-03-09223 completed in 1.78700017929 seconds

Process for clueweb09-en0000-03-33534 has started.

Process for clueweb09-en0000-02-23225 completed in 15.4249999523 seconds

Process for clueweb09-en0000-03-33538 has started.

Process for clueweb09-en0000-03-14622 completed in 13.4249999523 seconds

Process for clueweb09-en0000-03-14638 has started.

Process for clueweb09-en0000-02-31277 completed in 8.11800003052 seconds

Process for clueweb09-en0000-04-01293 has started.

Process for clueweb09-en0000-03-10805 completed in 8.63100004196 seconds

Process for clueweb09-en0000-03-11219 has started.

Process for clueweb09-en0000-02-20156 completed in 20.7330000401 seconds

Process for clueweb09-en0000-04-04137 has started.

Process for clueweb09-en0000-03-05256 completed in 1.38599991798 seconds

Process for clueweb09-en0000-04-05171 has started.

Process for clueweb09-en0000-02-34121 completed in 31.1519999504 seconds

Process for clueweb09-en0000-02-34354 has started.

Process for clueweb09-en0000-03-22378 completed in 6.40000009537 seconds

Process for clueweb09-en0000-03-23206 has started.

Process for clueweb09-en0000-03-03087 completed in 10.6889998913 seconds

Process for clueweb09-en0000-04-06967 has started.

Process for clueweb09-en0000-03-30512 completed in 6.5150001049 seconds

Process for clueweb09-en0000-03-30761 has started.

Process for clueweb09-en0000-01-20715 completed in 20.3020000458 seconds

Process for clueweb09-en0000-04-07016 has started.

Process for clueweb09-en0000-02-07835 completed in 17.8980000019 seconds

Process for clueweb09-en0000-02-25724 completed in 2.22599983215 seconds
Process for clueweb09-en0000-02-07836 has started.


Process for clueweb09-en0000-04-07538 has started.

Process for clueweb09-en0000-04-01293 completed in 1.76900005341 seconds

Process for clueweb09-en0000-04-02412 has started.

Process for clueweb09-en0000-02-03800 completed in 6.76699995995 seconds

Process for clueweb09-en0000-04-09237 has started.

Process for clueweb09-en0000-02-33676 completed in 4.96000003815 seconds

Process for clueweb09-en0000-02-33972 has started.

Process for clueweb09-en0000-03-33506 completed in 8.20900011063 seconds

Process for clueweb09-en0000-03-33507 has started.

Process for clueweb09-en0000-02-08142 completed in 12.5209999084 seconds

Process for clueweb09-en0000-02-08143 has started.

Process for clueweb09-en0000-03-33534 completed in 3.10300016403 seconds

Process for clueweb09-en0000-03-33535 has started.

Process for clueweb09-en0000-03-14638 completed in 3.23900008202 seconds

Process for clueweb09-en0000-03-14928 has started.

Process for clueweb09-en0000-03-33501 completed in 9.75900006294 seconds

Process for clueweb09-en0000-03-33502 has started.

Process for clueweb09-en0000-02-13286 completed in 43.7750000954 seconds

Process for clueweb09-en0000-02-13871 has started.

Process for clueweb09-en0000-03-27685 completed in 5.82500004768 seconds

Process for clueweb09-en0000-03-27853 has started.

Process for clueweb09-en0000-03-30761 completed in 3.49399995804 seconds

Process for clueweb09-en0000-03-31382 has started.

Process for clueweb09-en0000-03-11265 completed in 9.34699988365 seconds

Process for clueweb09-en0000-03-11266 has started.

Process for clueweb09-en0000-03-23206 completed in 4.16699981689 seconds

Process for clueweb09-en0000-04-09864 has started.

Process for clueweb09-en0000-03-11219 completed in 4.8599998951 seconds

Process for clueweb09-en0000-03-11220 has started.

Process for clueweb09-en0000-03-11262 completed in 7.60199999809 seconds

Process for clueweb09-en0000-04-09883 has started.

Process for clueweb09-en0000-03-11236 completed in 5.21399998665 seconds

Process for clueweb09-en0000-04-10121 has started.

Process for clueweb09-en0000-02-34354 completed in 4.36199998856 seconds

Process for clueweb09-en0000-02-34362 has started.

Process for clueweb09-en0000-03-33497 completed in 8.21499991417 seconds

Process for clueweb09-en0000-03-33498 has started.

Process for clueweb09-en0000-03-28208 completed in 5.34800004959 seconds

Process for clueweb09-en0000-03-28210 has started.

Process for clueweb09-en0000-03-18528 completed in 10.8389999866 seconds

Process for clueweb09-en0000-03-18530 has started.

Process for clueweb09-en0000-03-33530 completed in 5.58699989319 seconds

Process for clueweb09-en0000-03-33531 has started.

Process for clueweb09-en0000-03-14928 completed in 2.27599978447 seconds

Process for clueweb09-en0000-03-16700 has started.

Process for clueweb09-en0000-04-04137 completed in 5.15499997139 seconds

Process for clueweb09-en0000-04-04166 has started.

Process for clueweb09-en0000-03-33507 completed in 4.10599994659 seconds

Process for clueweb09-en0000-03-33512 has started.

Process for clueweb09-en0000-02-19428 completed in 28.0099999905 seconds

Process for clueweb09-en0000-02-19429 has started.

Process for clueweb09-en0000-03-18581 completed in 7.78200006485 seconds

Process for clueweb09-en0000-03-19127 has started.

Process for clueweb09-en0000-04-09864 completed in 3.12199997902 seconds

Process for clueweb09-en0000-04-09865 has started.

Process for clueweb09-en0000-04-10121 completed in 3.1289999485 seconds

Process for clueweb09-en0000-04-10457 has started.

Process for clueweb09-en0000-03-33538 completed in 8.30099987984 seconds

Process for clueweb09-en0000-03-33540 has started.

Process for clueweb09-en0000-03-27853 completed in 4.49899983406 seconds

Process for clueweb09-en0000-04-10510 has started.

Process for clueweb09-en0000-03-32427 completed in 11.3489999771 seconds

Process for clueweb09-en0000-03-33488 has started.

Process for clueweb09-en0000-02-08790 completed in 41.9909999371 seconds

Process for clueweb09-en0000-02-09323 has started.

Process for clueweb09-en0000-03-33535 completed in 6.13999986649 seconds

Process for clueweb09-en0000-03-33536 has started.

Process for clueweb09-en0000-03-33498 completed in 4.07300019264 seconds

Process for clueweb09-en0000-03-33500 has started.

Process for clueweb09-en0000-02-34362 completed in 4.65300011635 seconds

Process for clueweb09-en0000-02-34371 has started.

Process for clueweb09-en0000-03-16700 completed in 4.35900020599 seconds

Process for clueweb09-en0000-04-13376 has started.

Process for clueweb09-en0000-04-06967 completed in 8.91100001335 seconds

Process for clueweb09-en0000-04-06974 has started.

Process for clueweb09-en0000-03-11220 completed in 5.06100010872 seconds

Process for clueweb09-en0000-04-16574 has started.

Process for clueweb09-en0000-03-28210 completed in 5.14699983597 seconds

Process for clueweb09-en0000-03-28224 has started.

Process for clueweb09-en0000-03-11282 completed in 11.111000061 seconds

Process for clueweb09-en0000-03-11285 has started.

Process for clueweb09-en0000-03-11266 completed in 5.81299996376 seconds

Process for clueweb09-en0000-04-18777 has started.

Process for clueweb09-en0000-03-14289 completed in 11.0889999866 seconds

Process for clueweb09-en0000-03-14620 has started.

Process for clueweb09-en0000-03-33540 completed in 2.89900016785 seconds

Process for clueweb09-en0000-03-35195 has started.

Process for clueweb09-en0000-04-09865 completed in 3.32100009918 seconds

Process for clueweb09-en0000-04-09877 has started.

Process for clueweb09-en0000-03-28224 completed in 1.64100003242 seconds

Process for clueweb09-en0000-04-20709 has started.

Process for clueweb09-en0000-02-34371 completed in 2.17899990082 seconds

Process for clueweb09-en0000-04-21431 has started.

Process for clueweb09-en0000-04-07538 completed in 10.5039999485 seconds

Process for clueweb09-en0000-04-07585 has started.

Process for clueweb09-en0000-03-33502 completed in 8.5569999218 seconds

Process for clueweb09-en0000-03-33504 has started.

Process for clueweb09-en0000-04-02412 completed in 10.6180000305 seconds

Process for clueweb09-en0000-04-02550 has started.

Process for clueweb09-en0000-04-07016 completed in 11.3629999161 seconds

Process for clueweb09-en0000-04-07037 has started.

Process for clueweb09-en0000-03-33512 completed in 6.23699998856 seconds

Process for clueweb09-en0000-03-33516 has started.

Process for clueweb09-en0000-02-33972 completed in 10.7209999561 seconds

Process for clueweb09-en0000-04-27813 has started.

Process for clueweb09-en0000-03-33520 completed in 18.2920000553 seconds

Process for clueweb09-en0000-03-33522 has started.

Process for clueweb09-en0000-03-33531 completed in 7.74399995804 seconds

Process for clueweb09-en0000-03-33532 has started.

Process for clueweb09-en0000-03-18530 completed in 7.9390001297 seconds

Process for clueweb09-en0000-03-33488 completed in 4.28999996185 seconds

Process for clueweb09-en0000-03-33495 has started.

Process for clueweb09-en0000-04-20709 completed in 1.35800004005 seconds

Process for clueweb09-en0000-04-20730 has started.

Process for clueweb09-en0000-04-09883 completed in 8.34000015259 seconds

Process for clueweb09-en0000-04-09889 has started.

Process for clueweb09-en0000-01-15676 completed in 48.9809999466 seconds

Process for clueweb09-en0000-04-02550 completed in 1.30099987984 seconds

Process for clueweb09-en0000-04-03680 has started.

Process for clueweb09-en0000-04-04166 completed in 8.26399993896 seconds

Process for clueweb09-en0000-04-04440 has started.

Process for clueweb09-en0000-04-06974 completed in 4.10899996758 seconds

Process for clueweb09-en0000-04-06989 has started.

Process for clueweb09-en0000-03-33500 completed in 4.90499997139 seconds

Process for clueweb09-en0000-04-16574 completed in 4.02300000191 seconds

Process for clueweb09-en0000-04-17669 has started.

Process for clueweb09-en0000-04-07585 completed in 2.33000016212 seconds

Process for clueweb09-en0000-04-08227 has started.

Process for clueweb09-en0000-03-19127 completed in 6.71099996567 seconds

Process for clueweb09-en0000-03-20608 has started.

Process for clueweb09-en0000-02-08143 completed in 11.6210000515 seconds

Process for clueweb09-en0000-04-20730 completed in 1.33800005913 seconds

Process for clueweb09-en0000-04-21397 has started.

Process for clueweb09-en0000-04-27813 completed in 1.68700003624 seconds

Process for clueweb09-en0000-04-27852 has started.

Process for clueweb09-en0000-02-19429 completed in 7.66499996185 seconds

Process for clueweb09-en0000-04-07037 completed in 2.73000001907 seconds

Process for clueweb09-en0000-04-07038 has started.

Process for clueweb09-en0000-02-13871 completed in 11.4470000267 seconds

Process for clueweb09-en0000-02-07831 completed in 15.8389999866 seconds

Process for clueweb09-en0000-02-07832 has started.

Process for clueweb09-en0000-03-14620 completed in 5.47000002861 seconds

Process for clueweb09-en0000-03-33536 completed in 7.04699993134 seconds

Process for clueweb09-en0000-03-33537 has started.

Process for clueweb09-en0000-03-11285 completed in 6.64400005341 seconds

Process for clueweb09-en0000-03-11290 has started.

Process for clueweb09-en0000-04-04440 completed in 2.96200013161 seconds

Process for clueweb09-en0000-04-04888 has started.

Process for clueweb09-en0000-04-27852 completed in 2.58200001717 seconds

Process for clueweb09-en0000-03-35195 completed in 6.25599980354 seconds

Process for clueweb09-en0000-03-35971 has started.

Process for clueweb09-en0000-04-09877 completed in 6.02999997139 seconds

Process for clueweb09-en0000-04-09881 has started.

Process for clueweb09-en0000-02-09323 completed in 8.66599988937 seconds

Process for clueweb09-en0000-04-06989 completed in 3.66999983788 seconds

Process for clueweb09-en0000-04-06995 has started.

Process for clueweb09-en0000-02-07836 completed in 16.3860001564 seconds

Process for clueweb09-en0000-03-33522 completed in 4.867000103 seconds

Process for clueweb09-en0000-03-33524 has started.

Process for clueweb09-en0000-03-31382 completed in 13.3660001755 seconds

Process for clueweb09-en0000-04-07038 completed in 2.89100003242 seconds

Process for clueweb09-en0000-04-07365 has started.

Process for clueweb09-en0000-03-35971 completed in 1.07700014114 seconds

Process for clueweb09-en0000-03-33516 completed in 5.68099999428 seconds

Process for clueweb09-en0000-04-13376 completed in 9.54999995232 seconds

Process for clueweb09-en0000-04-14301 has started.

Process for clueweb09-en0000-04-09237 completed in 17.9819998741 seconds

Process for clueweb09-en0000-04-09830 has started.

Process for clueweb09-en0000-04-18777 completed in 9.94600009918 seconds

Process for clueweb09-en0000-04-20245 has started.

Process for clueweb09-en0000-03-33532 completed in 7.46000003815 seconds

Process for clueweb09-en0000-03-33533 has started.

Process for clueweb09-en0000-03-33537 completed in 4.42900013924 seconds

Process for clueweb09-en0000-04-17669 completed in 6.65799999237 seconds

Process for clueweb09-en0000-04-17754 has started.

Process for clueweb09-en0000-03-33524 completed in 3.16199994087 seconds

Process for clueweb09-en0000-03-33529 has started.

Process for clueweb09-en0000-02-07827 completed in 21.4779999256 seconds

Process for clueweb09-en0000-03-20608 completed in 7.15899991989 seconds

Process for clueweb09-en0000-04-09889 completed in 8.06900000572 seconds

Process for clueweb09-en0000-04-09942 has started.

Process for clueweb09-en0000-02-07215 completed in 24.2319998741 seconds

Process for clueweb09-en0000-03-33495 completed in 8.54700016975 seconds

Process for clueweb09-en0000-04-14301 completed in 2.28600001335 seconds

Process for clueweb09-en0000-04-14866 has started.

Process for clueweb09-en0000-04-09881 completed in 4.27300000191 seconds

Process for clueweb09-en0000-03-33504 completed in 9.99699997902 seconds

Process for clueweb09-en0000-03-33505 has started.

Process for clueweb09-en0000-03-11290 completed in 5.46000003815 seconds

Process for clueweb09-en0000-04-05171 completed in 21.8359999657 seconds

Process for clueweb09-en0000-04-05742 has started.

Process for clueweb09-en0000-04-07365 completed in 4.38899993896 seconds

Process for clueweb09-en0000-04-17754 completed in 3.22600007057 seconds

Process for clueweb09-en0000-04-18769 has started.

Process for clueweb09-en0000-03-33529 completed in 3.44799995422 seconds

Process for clueweb09-en0000-04-08227 completed in 10.2599999905 seconds

Process for clueweb09-en0000-04-09194 has started.

Process for clueweb09-en0000-03-33533 completed in 4.31700015068 seconds

Process for clueweb09-en0000-04-21397 completed in 10.75 seconds

Process for clueweb09-en0000-04-21411 has started.

Process for clueweb09-en0000-04-14866 completed in 3.82799983025 seconds

Process for clueweb09-en0000-04-15704 has started.

Process for clueweb09-en0000-04-20245 completed in 5.21700000763 seconds

Process for clueweb09-en0000-04-20253 has started.

Process for clueweb09-en0000-04-09942 completed in 4.39399981499 seconds

Process for clueweb09-en0000-04-09954 has started.

Process for clueweb09-en0000-02-33130 completed in 44.4369997978 seconds

Process for clueweb09-en0000-02-33167 has started.

Process for clueweb09-en0000-04-04888 completed in 9.04200005531 seconds

Process for clueweb09-en0000-04-03680 completed in 12.4839999676 seconds

Process for clueweb09-en0000-04-09830 completed in 6.62400007248 seconds

Process for clueweb09-en0000-04-09862 has started.

Process for clueweb09-en0000-04-15704 completed in 3.3290002346 seconds

Process for clueweb09-en0000-02-33167 completed in 3.24900007248 seconds

Process for clueweb09-en0000-04-21431 completed in 17.364000082 seconds

Process for clueweb09-en0000-04-22721 has started.

Process for clueweb09-en0000-04-18769 completed in 5.83999991417 seconds

Process for clueweb09-en0000-03-33505 completed in 7.95700001717 seconds

Process for clueweb09-en0000-04-09954 completed in 4.60500001907 seconds

Process for clueweb09-en0000-04-06995 completed in 13.7810001373 seconds

Process for clueweb09-en0000-04-09194 completed in 6.99800014496 seconds

Process for clueweb09-en0000-04-05742 completed in 9.46399998665 seconds

Process for clueweb09-en0000-04-05851 has started.

Process for clueweb09-en0000-04-22721 completed in 2.71199989319 seconds

Process for clueweb09-en0000-04-23982 has started.

Process for clueweb09-en0000-04-20253 completed in 6.75499987602 seconds

Process for clueweb09-en0000-04-20262 has started.

Process for clueweb09-en0000-04-09862 completed in 7.28900003433 seconds

Process for clueweb09-en0000-04-09863 has started.

Process for clueweb09-en0000-04-23982 completed in 2.33899998665 seconds

Process for clueweb09-en0000-04-26947 has started.

Process for clueweb09-en0000-04-26947 completed in 1.64400005341 seconds

Process for clueweb09-en0000-04-21411 completed in 11.2039999962 seconds

Process for clueweb09-en0000-04-20262 completed in 4.32400012016 seconds

Process for clueweb09-en0000-04-10457 completed in 31.8460001945 seconds

Process for clueweb09-en0000-04-10460 has started.

Process for clueweb09-en0000-04-09863 completed in 6.00300002098 seconds

Process for clueweb09-en0000-04-05851 completed in 8.76800012589 seconds

Process for clueweb09-en0000-04-06156 has started.

Process for clueweb09-en0000-02-07832 completed in 28.138999939 seconds

Process for clueweb09-en0000-04-10510 completed in 37.1670000553 seconds

Process for clueweb09-en0000-04-11307 has started.

Process for clueweb09-en0000-04-06156 completed in 6.02399992943 seconds

Process for clueweb09-en0000-04-11307 completed in 1.93899989128 seconds

Process for clueweb09-en0000-04-11480 has started.

Process for clueweb09-en0000-04-10460 completed in 16.9509999752 seconds

Process for clueweb09-en0000-04-10469 has started.

Process for clueweb09-en0000-04-11480 completed in 12.2230000496 seconds

Process for clueweb09-en0000-04-12109 has started.

Process for clueweb09-en0000-04-10469 completed in 5.79100012779 seconds

Process for clueweb09-en0000-04-12109 completed in 9.73399996758 seconds

165.263000011

Process finished with exit code 0

**That was a fast run indeed!**